14-Oct-2018 21:34:02.446 信息 [main] org.apache.catalina.startup.VersionLoggerListener.log Server version:        Apache Tomcat/9.0.12
14-Oct-2018 21:34:02.461 信息 [main] org.apache.catalina.startup.VersionLoggerListener.log Server built:          Sep 4 2018 22:13:41 UTC
14-Oct-2018 21:34:02.461 信息 [main] org.apache.catalina.startup.VersionLoggerListener.log Server number:         9.0.12.0
14-Oct-2018 21:34:02.461 信息 [main] org.apache.catalina.startup.VersionLoggerListener.log OS Name:               Windows 10
14-Oct-2018 21:34:02.461 信息 [main] org.apache.catalina.startup.VersionLoggerListener.log OS Version:            10.0
14-Oct-2018 21:34:02.461 信息 [main] org.apache.catalina.startup.VersionLoggerListener.log Architecture:          amd64
14-Oct-2018 21:34:02.461 信息 [main] org.apache.catalina.startup.VersionLoggerListener.log Java Home:             C:\Program Files\Java\jdk1.8.0_161\jre
14-Oct-2018 21:34:02.477 信息 [main] org.apache.catalina.startup.VersionLoggerListener.log JVM Version:           1.8.0_161-b12
14-Oct-2018 21:34:02.477 信息 [main] org.apache.catalina.startup.VersionLoggerListener.log JVM Vendor:            Oracle Corporation
14-Oct-2018 21:34:02.477 信息 [main] org.apache.catalina.startup.VersionLoggerListener.log CATALINA_BASE:         C:\Users\Administrator\Desktop\MyEclipse\OtherData\cluster based on apache and tomcat\demo\apache-tomcat-9.0.12-2
14-Oct-2018 21:34:02.477 信息 [main] org.apache.catalina.startup.VersionLoggerListener.log CATALINA_HOME:         C:\Users\Administrator\Desktop\MyEclipse\OtherData\cluster based on apache and tomcat\demo\apache-tomcat-9.0.12-2
14-Oct-2018 21:34:02.477 信息 [main] org.apache.catalina.startup.VersionLoggerListener.log Command line argument: -Djava.util.logging.config.file=C:\Users\Administrator\Desktop\MyEclipse\OtherData\cluster based on apache and tomcat\demo\apache-tomcat-9.0.12-2\conf\logging.properties
14-Oct-2018 21:34:02.477 信息 [main] org.apache.catalina.startup.VersionLoggerListener.log Command line argument: -Djava.util.logging.manager=org.apache.juli.ClassLoaderLogManager
14-Oct-2018 21:34:02.477 信息 [main] org.apache.catalina.startup.VersionLoggerListener.log Command line argument: -Djdk.tls.ephemeralDHKeySize=2048
14-Oct-2018 21:34:02.493 信息 [main] org.apache.catalina.startup.VersionLoggerListener.log Command line argument: -Djava.protocol.handler.pkgs=org.apache.catalina.webresources
14-Oct-2018 21:34:02.493 信息 [main] org.apache.catalina.startup.VersionLoggerListener.log Command line argument: -Dignore.endorsed.dirs=
14-Oct-2018 21:34:02.493 信息 [main] org.apache.catalina.startup.VersionLoggerListener.log Command line argument: -Dcatalina.base=C:\Users\Administrator\Desktop\MyEclipse\OtherData\cluster based on apache and tomcat\demo\apache-tomcat-9.0.12-2
14-Oct-2018 21:34:02.493 信息 [main] org.apache.catalina.startup.VersionLoggerListener.log Command line argument: -Dcatalina.home=C:\Users\Administrator\Desktop\MyEclipse\OtherData\cluster based on apache and tomcat\demo\apache-tomcat-9.0.12-2
14-Oct-2018 21:34:02.493 信息 [main] org.apache.catalina.startup.VersionLoggerListener.log Command line argument: -Djava.io.tmpdir=C:\Users\Administrator\Desktop\MyEclipse\OtherData\cluster based on apache and tomcat\demo\apache-tomcat-9.0.12-2\temp
14-Oct-2018 21:34:02.493 信息 [main] org.apache.catalina.core.AprLifecycleListener.lifecycleEvent Loaded APR based Apache Tomcat Native library [1.2.17] using APR version [1.6.3].
14-Oct-2018 21:34:02.493 信息 [main] org.apache.catalina.core.AprLifecycleListener.lifecycleEvent APR capabilities: IPv6 [true], sendfile [true], accept filters [false], random [true].
14-Oct-2018 21:34:02.493 信息 [main] org.apache.catalina.core.AprLifecycleListener.lifecycleEvent APR/OpenSSL configuration: useAprConnector [false], useOpenSSL [true]
14-Oct-2018 21:34:03.286 信息 [main] org.apache.catalina.core.AprLifecycleListener.initializeSSL OpenSSL successfully initialized [OpenSSL 1.0.2o  27 Mar 2018]
14-Oct-2018 21:34:03.537 信息 [main] org.apache.coyote.AbstractProtocol.init Initializing ProtocolHandler ["http-nio-8082"]
14-Oct-2018 21:34:03.615 信息 [main] org.apache.tomcat.util.net.NioSelectorPool.getSharedSelector Using a shared selector for servlet write/read
14-Oct-2018 21:34:03.630 信息 [main] org.apache.coyote.AbstractProtocol.init Initializing ProtocolHandler ["ajp-nio-8012"]
14-Oct-2018 21:34:03.630 信息 [main] org.apache.tomcat.util.net.NioSelectorPool.getSharedSelector Using a shared selector for servlet write/read
14-Oct-2018 21:34:03.630 信息 [main] org.apache.catalina.startup.Catalina.load Initialization processed in 2180 ms
14-Oct-2018 21:34:03.708 信息 [main] org.apache.catalina.core.StandardService.startInternal Starting service [Catalina]
14-Oct-2018 21:34:03.724 信息 [main] org.apache.catalina.core.StandardEngine.startInternal Starting Servlet Engine: Apache Tomcat/9.0.12
14-Oct-2018 21:34:03.740 信息 [main] org.apache.catalina.ha.tcp.SimpleTcpCluster.startInternal Cluster is about to start
14-Oct-2018 21:34:03.787 信息 [main] org.apache.catalina.tribes.transport.ReceiverBase.bind Receiver Server Socket bound to:[/192.168.1.5:4001]
14-Oct-2018 21:34:03.818 信息 [main] org.apache.catalina.tribes.membership.McastServiceImpl.setupSocket Setting cluster mcast soTimeout to [500]
14-Oct-2018 21:34:03.818 信息 [main] org.apache.catalina.tribes.membership.McastServiceImpl.waitForMembers Sleeping for [1000] milliseconds to establish cluster membership, start level:[4]
14-Oct-2018 21:34:03.958 信息 [Membership-MemberAdded.] org.apache.catalina.ha.tcp.SimpleTcpCluster.memberAdded Replication member added:[org.apache.catalina.tribes.membership.MemberImpl[tcp://{192, 168, 1, 5}:4000,{192, 168, 1, 5},4000, alive=27215, securePort=-1, UDP Port=-1, id={-103 -73 -46 -116 -2 78 78 24 -119 -29 21 -99 -10 -95 59 -68 }, payload={}, command={}, domain={}]]
14-Oct-2018 21:34:04.847 信息 [main] org.apache.catalina.tribes.membership.McastServiceImpl.waitForMembers Done sleeping, membership established, start level:[4]
14-Oct-2018 21:34:04.847 信息 [main] org.apache.catalina.tribes.membership.McastServiceImpl.waitForMembers Sleeping for [1000] milliseconds to establish cluster membership, start level:[8]
14-Oct-2018 21:34:04.894 信息 [Tribes-Task-Receiver[Catalina-Channel]-1] org.apache.catalina.tribes.io.BufferPool.getBufferPool Created a buffer pool with max size:[104857600] bytes of type: [org.apache.catalina.tribes.io.BufferPool15Impl]
14-Oct-2018 21:34:05.891 信息 [main] org.apache.catalina.tribes.membership.McastServiceImpl.waitForMembers Done sleeping, membership established, start level:[8]
14-Oct-2018 21:34:05.999 信息 [main] org.apache.catalina.startup.HostConfig.deployWAR Deploying web application archive [C:\Users\Administrator\Desktop\MyEclipse\OtherData\cluster based on apache and tomcat\demo\apache-tomcat-9.0.12-2\webapps\HelloWorld.war]
14-Oct-2018 21:34:06.888 信息 [main] org.apache.catalina.ha.session.DeltaManager.startInternal Register manager [localhost#/HelloWorld] to cluster element [Engine] with name [Catalina]
14-Oct-2018 21:34:06.888 信息 [main] org.apache.catalina.ha.session.DeltaManager.startInternal Starting clustering manager at [localhost#/HelloWorld]
14-Oct-2018 21:34:06.951 信息 [main] org.apache.catalina.ha.session.DeltaManager.getAllClusterSessions Manager [localhost#/HelloWorld], requesting session state from [org.apache.catalina.tribes.membership.MemberImpl[tcp://{192, 168, 1, 5}:4000,{192, 168, 1, 5},4000, alive=29832, securePort=-1, UDP Port=-1, id={-103 -73 -46 -116 -2 78 78 24 -119 -29 21 -99 -10 -95 59 -68 }, payload={}, command={}, domain={}]]. This operation will timeout if no session state has been received within [60] seconds.
14-Oct-2018 21:34:07.060 信息 [main] org.apache.catalina.ha.session.DeltaManager.waitForSendAllSessions Manager [localhost#/HelloWorld]; session state send at [10/14/18 9:34 PM] received in [172] ms.
14-Oct-2018 21:34:07.117 信息 [main] org.apache.catalina.startup.HostConfig.deployWAR Deployment of web application archive [C:\Users\Administrator\Desktop\MyEclipse\OtherData\cluster based on apache and tomcat\demo\apache-tomcat-9.0.12-2\webapps\HelloWorld.war] has finished in [1,117] ms
14-Oct-2018 21:34:07.123 信息 [main] org.apache.catalina.startup.HostConfig.deployDirectory Deploying web application directory [C:\Users\Administrator\Desktop\MyEclipse\OtherData\cluster based on apache and tomcat\demo\apache-tomcat-9.0.12-2\webapps\docs]
14-Oct-2018 21:34:07.216 信息 [main] org.apache.catalina.startup.HostConfig.deployDirectory Deployment of web application directory [C:\Users\Administrator\Desktop\MyEclipse\OtherData\cluster based on apache and tomcat\demo\apache-tomcat-9.0.12-2\webapps\docs] has finished in [93] ms
14-Oct-2018 21:34:07.217 信息 [main] org.apache.catalina.startup.HostConfig.deployDirectory Deploying web application directory [C:\Users\Administrator\Desktop\MyEclipse\OtherData\cluster based on apache and tomcat\demo\apache-tomcat-9.0.12-2\webapps\examples]
14-Oct-2018 21:34:08.506 信息 [main] org.apache.catalina.startup.HostConfig.deployDirectory Deployment of web application directory [C:\Users\Administrator\Desktop\MyEclipse\OtherData\cluster based on apache and tomcat\demo\apache-tomcat-9.0.12-2\webapps\examples] has finished in [1,289] ms
14-Oct-2018 21:34:08.506 信息 [main] org.apache.catalina.startup.HostConfig.deployDirectory Deploying web application directory [C:\Users\Administrator\Desktop\MyEclipse\OtherData\cluster based on apache and tomcat\demo\apache-tomcat-9.0.12-2\webapps\host-manager]
14-Oct-2018 21:34:08.724 信息 [main] org.apache.catalina.startup.HostConfig.deployDirectory Deployment of web application directory [C:\Users\Administrator\Desktop\MyEclipse\OtherData\cluster based on apache and tomcat\demo\apache-tomcat-9.0.12-2\webapps\host-manager] has finished in [218] ms
14-Oct-2018 21:34:08.724 信息 [main] org.apache.catalina.startup.HostConfig.deployDirectory Deploying web application directory [C:\Users\Administrator\Desktop\MyEclipse\OtherData\cluster based on apache and tomcat\demo\apache-tomcat-9.0.12-2\webapps\manager]
14-Oct-2018 21:34:08.818 信息 [main] org.apache.catalina.startup.HostConfig.deployDirectory Deployment of web application directory [C:\Users\Administrator\Desktop\MyEclipse\OtherData\cluster based on apache and tomcat\demo\apache-tomcat-9.0.12-2\webapps\manager] has finished in [94] ms
14-Oct-2018 21:34:08.849 信息 [main] org.apache.catalina.startup.HostConfig.deployDirectory Deploying web application directory [C:\Users\Administrator\Desktop\MyEclipse\OtherData\cluster based on apache and tomcat\demo\apache-tomcat-9.0.12-2\webapps\ROOT]
14-Oct-2018 21:34:08.912 信息 [main] org.apache.catalina.startup.HostConfig.deployDirectory Deployment of web application directory [C:\Users\Administrator\Desktop\MyEclipse\OtherData\cluster based on apache and tomcat\demo\apache-tomcat-9.0.12-2\webapps\ROOT] has finished in [63] ms
14-Oct-2018 21:34:08.912 信息 [main] org.apache.catalina.ha.session.JvmRouteBinderValve.startInternal JvmRouteBinderValve started
14-Oct-2018 21:34:08.912 信息 [main] org.apache.coyote.AbstractProtocol.start Starting ProtocolHandler ["http-nio-8082"]
14-Oct-2018 21:34:08.927 信息 [main] org.apache.coyote.AbstractProtocol.start Starting ProtocolHandler ["ajp-nio-8012"]
14-Oct-2018 21:34:08.927 信息 [main] org.apache.catalina.startup.Catalina.start Server startup in 5297 ms
14-Oct-2018 21:34:27.726 信息 [Membership-MemberAdded.] org.apache.catalina.ha.tcp.SimpleTcpCluster.memberAdded Replication member added:[org.apache.catalina.tribes.membership.MemberImpl[tcp://{192, 168, 1, 5}:4002,{192, 168, 1, 5},4002, alive=1033, securePort=-1, UDP Port=-1, id={27 2 119 120 -60 80 69 66 -99 -89 -113 108 103 91 37 5 }, payload={}, command={}, domain={}]]
14-Oct-2018 21:38:08.813 警告 [Tribes-Task-Receiver[Catalina-Channel]-6] org.apache.catalina.tribes.transport.nio.NioReplicationTask.run IOException in replication worker, unable to drain channel. Probable cause: Keep alive socket closed[远程主机强迫关闭了一个现有的连接。].
